====================================1======================================
=======128组，相联度为8（每组8个Cache行），每个Cache行位宽为256bit========
Read byte from 0x00001000:
	MISS, use Group 0 Way 0.
	Group 0 Way 0 Load M[0x00001000].
Read byte from 0x00002000:
	MISS, use Group 0 Way 1.
	Group 0 Way 1 Load M[0x00002000].
Read byte from 0x00003000:
	MISS, use Group 0 Way 2.
	Group 0 Way 2 Load M[0x00003000].
Read byte from 0x00003001:
	HIT at Group 0 Way 2.
Read byte from 0x00004000:
	MISS, use Group 0 Way 3.
	Group 0 Way 3 Load M[0x00004000].
Read byte from 0x00004001:
	HIT at Group 0 Way 3.
Read byte from 0x00004002:
	HIT at Group 0 Way 3.
Read byte from 0x00004003:
	HIT at Group 0 Way 3.
Read byte from 0x00004004:
	HIT at Group 0 Way 3.
Read byte from 0x00005000:
	MISS, use Group 0 Way 4.
	Group 0 Way 4 Load M[0x00005000].
Read byte from 0x00005001:
	HIT at Group 0 Way 4.
Read byte from 0x00005002:
	HIT at Group 0 Way 4.
Read byte from 0x00006000:
	MISS, use Group 0 Way 5.
	Group 0 Way 5 Load M[0x00006000].
Read byte from 0x00006001:
	HIT at Group 0 Way 5.
Read byte from 0x00006002:
	HIT at Group 0 Way 5.
Read byte from 0x00006003:
	HIT at Group 0 Way 5.
Read byte from 0x00006004:
	HIT at Group 0 Way 5.
Read byte from 0x00006005:
	HIT at Group 0 Way 5.
Read byte from 0x00006006:
	HIT at Group 0 Way 5.
Read byte from 0x00006007:
	HIT at Group 0 Way 5.
Read byte from 0x00006008:
	HIT at Group 0 Way 5.
Read byte from 0x00006009:
	HIT at Group 0 Way 5.
Read byte from 0x00007000:
	MISS, use Group 0 Way 6.
	Group 0 Way 6 Load M[0x00007000].
Read byte from 0x00007001:
	HIT at Group 0 Way 6.
Read byte from 0x00007002:
	HIT at Group 0 Way 6.
Read byte from 0x00007003:
	HIT at Group 0 Way 6.
Read byte from 0x00008000:
	MISS, use Group 0 Way 7.
	Group 0 Way 7 Load M[0x00008000].
Read byte from 0x00008001:
	HIT at Group 0 Way 7.
Read byte from 0x00009000:
	MISS, use Group 0 Way 0.
	Group 0 Way 0 Load M[0x00009000].
Read byte from 0x00009001:
	HIT at Group 0 Way 0.
Read byte from 0x0000A000:
	MISS, use Group 0 Way 1.
	Group 0 Way 1 Load M[0x0000A000].
Read byte from 0x0000A001:
	HIT at Group 0 Way 1.
Read byte from 0x0000A002:
	HIT at Group 0 Way 1.
Read byte from 0x0000B000:
	MISS, use Group 0 Way 2.
	Group 0 Way 2 Load M[0x0000B000].
Read byte from 0x0000B001:
	HIT at Group 0 Way 2.
Read byte from 0x0000B002:
	HIT at Group 0 Way 2.
Read byte from 0x0000B003:
	HIT at Group 0 Way 2.
Read byte from 0x0000C000:
	MISS, use Group 0 Way 3.
	Group 0 Way 3 Load M[0x0000C000].
Read byte from 0x0000C001:
	HIT at Group 0 Way 3.
Read byte from 0x0000C002:
	HIT at Group 0 Way 3.
Read byte from 0x0000C003:
	HIT at Group 0 Way 3.
Read byte from 0x0000C004:
	HIT at Group 0 Way 3.
Read byte from 0x0000D000:
	MISS, use Group 0 Way 4.
	Group 0 Way 4 Load M[0x0000D000].
Read byte from 0x0000D001:
	HIT at Group 0 Way 4.
Read byte from 0x0000D002:
	HIT at Group 0 Way 4.
Read byte from 0x0000D003:
	HIT at Group 0 Way 4.
Read byte from 0x0000D004:
	HIT at Group 0 Way 4.
Read byte from 0x0000D005:
	HIT at Group 0 Way 4.
Read byte from 0x0000E000:
	MISS, use Group 0 Way 5.
	Group 0 Way 5 Load M[0x0000E000].
Read byte from 0x0000E001:
	HIT at Group 0 Way 5.
Read byte from 0x0000E002:
	HIT at Group 0 Way 5.
Read byte from 0x0000E003:
	HIT at Group 0 Way 5.
Read byte from 0x0000E004:
	HIT at Group 0 Way 5.
Read byte from 0x0000E005:
	HIT at Group 0 Way 5.
Read byte from 0x0000E006:
	HIT at Group 0 Way 5.
Read byte from 0x0000EFFF:
	MISS, use Group 127 Way 0.
	Group 127 Way 0 Load M[0x0000EFFF].
Read byte from 0x0000F000:
	MISS, use Group 0 Way 6.
	Group 0 Way 6 Load M[0x0000F000].
Read byte from 0x00000FFF:
	MISS, use Group 127 Way 1.
	Group 127 Way 1 Load M[0x00000FFF].
Read byte from 0x00001000:
	MISS, use Group 0 Way 7.
	Group 0 Way 7 Load M[0x00001000].
====================================2======================================
==========全相连Cache(1组，1024个Cache行)，每个Cache行位宽为256bit=========
Read byte from 0x00001000:
	MISS, use Group 0 Way 0.
	Group 0 Way 0 Load M[0x00001000].
Read byte from 0x00002000:
	MISS, use Group 0 Way 1.
	Group 0 Way 1 Load M[0x00002000].
Read byte from 0x00003000:
	MISS, use Group 0 Way 2.
	Group 0 Way 2 Load M[0x00003000].
Read byte from 0x00003001:
	HIT at Group 0 Way 2.
Read byte from 0x00004000:
	MISS, use Group 0 Way 3.
	Group 0 Way 3 Load M[0x00004000].
Read byte from 0x00004001:
	HIT at Group 0 Way 3.
Read byte from 0x00004002:
	HIT at Group 0 Way 3.
Read byte from 0x00004003:
	HIT at Group 0 Way 3.
Read byte from 0x00004004:
	HIT at Group 0 Way 3.
Read byte from 0x00005000:
	MISS, use Group 0 Way 4.
	Group 0 Way 4 Load M[0x00005000].
Read byte from 0x00005001:
	HIT at Group 0 Way 4.
Read byte from 0x00005002:
	HIT at Group 0 Way 4.
Read byte from 0x00006000:
	MISS, use Group 0 Way 5.
	Group 0 Way 5 Load M[0x00006000].
Read byte from 0x00006001:
	HIT at Group 0 Way 5.
Read byte from 0x00006002:
	HIT at Group 0 Way 5.
Read byte from 0x00006003:
	HIT at Group 0 Way 5.
Read byte from 0x00006004:
	HIT at Group 0 Way 5.
Read byte from 0x00006005:
	HIT at Group 0 Way 5.
Read byte from 0x00006006:
	HIT at Group 0 Way 5.
Read byte from 0x00006007:
	HIT at Group 0 Way 5.
Read byte from 0x00006008:
	HIT at Group 0 Way 5.
Read byte from 0x00006009:
	HIT at Group 0 Way 5.
Read byte from 0x00007000:
	MISS, use Group 0 Way 6.
	Group 0 Way 6 Load M[0x00007000].
Read byte from 0x00007001:
	HIT at Group 0 Way 6.
Read byte from 0x00007002:
	HIT at Group 0 Way 6.
Read byte from 0x00007003:
	HIT at Group 0 Way 6.
Read byte from 0x00008000:
	MISS, use Group 0 Way 7.
	Group 0 Way 7 Load M[0x00008000].
Read byte from 0x00008001:
	HIT at Group 0 Way 7.
Read byte from 0x00009000:
	MISS, use Group 0 Way 8.
	Group 0 Way 8 Load M[0x00009000].
Read byte from 0x00009001:
	HIT at Group 0 Way 8.
Read byte from 0x0000A000:
	MISS, use Group 0 Way 9.
	Group 0 Way 9 Load M[0x0000A000].
Read byte from 0x0000A001:
	HIT at Group 0 Way 9.
Read byte from 0x0000A002:
	HIT at Group 0 Way 9.
Read byte from 0x0000B000:
	MISS, use Group 0 Way 10.
	Group 0 Way 10 Load M[0x0000B000].
Read byte from 0x0000B001:
	HIT at Group 0 Way 10.
Read byte from 0x0000B002:
	HIT at Group 0 Way 10.
Read byte from 0x0000B003:
	HIT at Group 0 Way 10.
Read byte from 0x0000C000:
	MISS, use Group 0 Way 11.
	Group 0 Way 11 Load M[0x0000C000].
Read byte from 0x0000C001:
	HIT at Group 0 Way 11.
Read byte from 0x0000C002:
	HIT at Group 0 Way 11.
Read byte from 0x0000C003:
	HIT at Group 0 Way 11.
Read byte from 0x0000C004:
	HIT at Group 0 Way 11.
Read byte from 0x0000D000:
	MISS, use Group 0 Way 12.
	Group 0 Way 12 Load M[0x0000D000].
Read byte from 0x0000D001:
	HIT at Group 0 Way 12.
Read byte from 0x0000D002:
	HIT at Group 0 Way 12.
Read byte from 0x0000D003:
	HIT at Group 0 Way 12.
Read byte from 0x0000D004:
	HIT at Group 0 Way 12.
Read byte from 0x0000D005:
	HIT at Group 0 Way 12.
Read byte from 0x0000E000:
	MISS, use Group 0 Way 13.
	Group 0 Way 13 Load M[0x0000E000].
Read byte from 0x0000E001:
	HIT at Group 0 Way 13.
Read byte from 0x0000E002:
	HIT at Group 0 Way 13.
Read byte from 0x0000E003:
	HIT at Group 0 Way 13.
Read byte from 0x0000E004:
	HIT at Group 0 Way 13.
Read byte from 0x0000E005:
	HIT at Group 0 Way 13.
Read byte from 0x0000E006:
	HIT at Group 0 Way 13.
Read byte from 0x0000EFFF:
	MISS, use Group 0 Way 14.
	Group 0 Way 14 Load M[0x0000EFFF].
Read byte from 0x0000F000:
	MISS, use Group 0 Way 15.
	Group 0 Way 15 Load M[0x0000F000].
Read byte from 0x00000FFF:
	MISS, use Group 0 Way 16.
	Group 0 Way 16 Load M[0x00000FFF].
Read byte from 0x00001000:
	HIT at Group 0 Way 0.
====================================2======================================
===========OPT Cache（128组，相联度为8k,每个Cache行位宽为256bit)============
Read byte from 0x00001000:
	MISS, use Group 0 Way 0.
	Group 0 Way 0 Load M[0x00001000].
Read byte from 0x00002000:
	MISS, use Group 0 Way 6.
	Group 0 Way 6 Load M[0x00002000].
Read byte from 0x00003000:
	MISS, use Group 0 Way 3.
	Group 0 Way 3 Load M[0x00003000].
Read byte from 0x00003001:
	HIT at Group 0 Way 3.
Read byte from 0x00004000:
	MISS, use Group 0 Way 5.
	Group 0 Way 5 Load M[0x00004000].
Read byte from 0x00004001:
	HIT at Group 0 Way 5.
Read byte from 0x00004002:
	HIT at Group 0 Way 5.
Read byte from 0x00004003:
	HIT at Group 0 Way 5.
Read byte from 0x00004004:
	HIT at Group 0 Way 5.
Read byte from 0x00005000:
	MISS, use Group 0 Way 1.
	Group 0 Way 1 Load M[0x00005000].
Read byte from 0x00005001:
	HIT at Group 0 Way 1.
Read byte from 0x00005002:
	HIT at Group 0 Way 1.
Read byte from 0x00006000:
	MISS, use Group 0 Way 2.
	Group 0 Way 2 Load M[0x00006000].
Read byte from 0x00006001:
	HIT at Group 0 Way 2.
Read byte from 0x00006002:
	HIT at Group 0 Way 2.
Read byte from 0x00006003:
	HIT at Group 0 Way 2.
Read byte from 0x00006004:
	HIT at Group 0 Way 2.
Read byte from 0x00006005:
	HIT at Group 0 Way 2.
Read byte from 0x00006006:
	HIT at Group 0 Way 2.
Read byte from 0x00006007:
	HIT at Group 0 Way 2.
Read byte from 0x00006008:
	HIT at Group 0 Way 2.
Read byte from 0x00006009:
	HIT at Group 0 Way 2.
Read byte from 0x00007000:
	MISS, use Group 0 Way 7.
	Group 0 Way 7 Load M[0x00007000].
Read byte from 0x00007001:
	HIT at Group 0 Way 7.
Read byte from 0x00007002:
	HIT at Group 0 Way 7.
Read byte from 0x00007003:
	HIT at Group 0 Way 7.
Read byte from 0x00008000:
	MISS, use Group 0 Way 4.
	Group 0 Way 4 Load M[0x00008000].
Read byte from 0x00008001:
	HIT at Group 0 Way 4.
Read byte from 0x00009000:
	MISS, use Group 0 Way 4.
	Group 0 Way 4 Load M[0x00009000].
Read byte from 0x00009001:
	HIT at Group 0 Way 4.
Read byte from 0x0000A000:
	MISS, use Group 0 Way 4.
	Group 0 Way 4 Load M[0x0000A000].
Read byte from 0x0000A001:
	HIT at Group 0 Way 4.
Read byte from 0x0000A002:
	HIT at Group 0 Way 4.
Read byte from 0x0000B000:
	MISS, use Group 0 Way 4.
	Group 0 Way 4 Load M[0x0000B000].
Read byte from 0x0000B001:
	HIT at Group 0 Way 4.
Read byte from 0x0000B002:
	HIT at Group 0 Way 4.
Read byte from 0x0000B003:
	HIT at Group 0 Way 4.
Read byte from 0x0000C000:
	MISS, use Group 0 Way 4.
	Group 0 Way 4 Load M[0x0000C000].
Read byte from 0x0000C001:
	HIT at Group 0 Way 4.
Read byte from 0x0000C002:
	HIT at Group 0 Way 4.
Read byte from 0x0000C003:
	HIT at Group 0 Way 4.
Read byte from 0x0000C004:
	HIT at Group 0 Way 4.
Read byte from 0x0000D000:
	MISS, use Group 0 Way 4.
	Group 0 Way 4 Load M[0x0000D000].
Read byte from 0x0000D001:
	HIT at Group 0 Way 4.
Read byte from 0x0000D002:
	HIT at Group 0 Way 4.
Read byte from 0x0000D003:
	HIT at Group 0 Way 4.
Read byte from 0x0000D004:
	HIT at Group 0 Way 4.
Read byte from 0x0000D005:
	HIT at Group 0 Way 4.
Read byte from 0x0000E000:
	MISS, use Group 0 Way 4.
	Group 0 Way 4 Load M[0x0000E000].
Read byte from 0x0000E001:
	HIT at Group 0 Way 4.
Read byte from 0x0000E002:
	HIT at Group 0 Way 4.
Read byte from 0x0000E003:
	HIT at Group 0 Way 4.
Read byte from 0x0000E004:
	HIT at Group 0 Way 4.
Read byte from 0x0000E005:
	HIT at Group 0 Way 4.
Read byte from 0x0000E006:
	HIT at Group 0 Way 4.
Read byte from 0x0000EFFF:
	MISS, use Group 127 Way 0.
	Group 127 Way 0 Load M[0x0000EFFF].
Read byte from 0x0000F000:
	MISS, use Group 0 Way 5.
	Group 0 Way 5 Load M[0x0000F000].
Read byte from 0x00000FFF:
	MISS, use Group 127 Way 6.
	Group 127 Way 6 Load M[0x00000FFF].
Read byte from 0x00001000:
	HIT at Group 0 Way 0.
====================================3======================================
==============（1024组，每组1个Cache行），每个Cache行位宽为256bit============
Read byte from 0x00001000:
	MISS, use Group 128 Way 0.
	Group 128 Way 0 Load M[0x00001000].
Read byte from 0x00002000:
	MISS, use Group 256 Way 0.
	Group 256 Way 0 Load M[0x00002000].
Read byte from 0x00003000:
	MISS, use Group 384 Way 0.
	Group 384 Way 0 Load M[0x00003000].
Read byte from 0x00003001:
	HIT at Group 384 Way 0.
Read byte from 0x00004000:
	MISS, use Group 512 Way 0.
	Group 512 Way 0 Load M[0x00004000].
Read byte from 0x00004001:
	HIT at Group 512 Way 0.
Read byte from 0x00004002:
	HIT at Group 512 Way 0.
Read byte from 0x00004003:
	HIT at Group 512 Way 0.
Read byte from 0x00004004:
	HIT at Group 512 Way 0.
Read byte from 0x00005000:
	MISS, use Group 640 Way 0.
	Group 640 Way 0 Load M[0x00005000].
Read byte from 0x00005001:
	HIT at Group 640 Way 0.
Read byte from 0x00005002:
	HIT at Group 640 Way 0.
Read byte from 0x00006000:
	MISS, use Group 768 Way 0.
	Group 768 Way 0 Load M[0x00006000].
Read byte from 0x00006001:
	HIT at Group 768 Way 0.
Read byte from 0x00006002:
	HIT at Group 768 Way 0.
Read byte from 0x00006003:
	HIT at Group 768 Way 0.
Read byte from 0x00006004:
	HIT at Group 768 Way 0.
Read byte from 0x00006005:
	HIT at Group 768 Way 0.
Read byte from 0x00006006:
	HIT at Group 768 Way 0.
Read byte from 0x00006007:
	HIT at Group 768 Way 0.
Read byte from 0x00006008:
	HIT at Group 768 Way 0.
Read byte from 0x00006009:
	HIT at Group 768 Way 0.
Read byte from 0x00007000:
	MISS, use Group 896 Way 0.
	Group 896 Way 0 Load M[0x00007000].
Read byte from 0x00007001:
	HIT at Group 896 Way 0.
Read byte from 0x00007002:
	HIT at Group 896 Way 0.
Read byte from 0x00007003:
	HIT at Group 896 Way 0.
Read byte from 0x00008000:
	MISS, use Group 0 Way 0.
	Group 0 Way 0 Load M[0x00008000].
Read byte from 0x00008001:
	HIT at Group 0 Way 0.
Read byte from 0x00009000:
	MISS, use Group 128 Way 0.
	Group 128 Way 0 Load M[0x00009000].
Read byte from 0x00009001:
	HIT at Group 128 Way 0.
Read byte from 0x0000A000:
	MISS, use Group 256 Way 0.
	Group 256 Way 0 Load M[0x0000A000].
Read byte from 0x0000A001:
	HIT at Group 256 Way 0.
Read byte from 0x0000A002:
	HIT at Group 256 Way 0.
Read byte from 0x0000B000:
	MISS, use Group 384 Way 0.
	Group 384 Way 0 Load M[0x0000B000].
Read byte from 0x0000B001:
	HIT at Group 384 Way 0.
Read byte from 0x0000B002:
	HIT at Group 384 Way 0.
Read byte from 0x0000B003:
	HIT at Group 384 Way 0.
Read byte from 0x0000C000:
	MISS, use Group 512 Way 0.
	Group 512 Way 0 Load M[0x0000C000].
Read byte from 0x0000C001:
	HIT at Group 512 Way 0.
Read byte from 0x0000C002:
	HIT at Group 512 Way 0.
Read byte from 0x0000C003:
	HIT at Group 512 Way 0.
Read byte from 0x0000C004:
	HIT at Group 512 Way 0.
Read byte from 0x0000D000:
	MISS, use Group 640 Way 0.
	Group 640 Way 0 Load M[0x0000D000].
Read byte from 0x0000D001:
	HIT at Group 640 Way 0.
Read byte from 0x0000D002:
	HIT at Group 640 Way 0.
Read byte from 0x0000D003:
	HIT at Group 640 Way 0.
Read byte from 0x0000D004:
	HIT at Group 640 Way 0.
Read byte from 0x0000D005:
	HIT at Group 640 Way 0.
Read byte from 0x0000E000:
	MISS, use Group 768 Way 0.
	Group 768 Way 0 Load M[0x0000E000].
Read byte from 0x0000E001:
	HIT at Group 768 Way 0.
Read byte from 0x0000E002:
	HIT at Group 768 Way 0.
Read byte from 0x0000E003:
	HIT at Group 768 Way 0.
Read byte from 0x0000E004:
	HIT at Group 768 Way 0.
Read byte from 0x0000E005:
	HIT at Group 768 Way 0.
Read byte from 0x0000E006:
	HIT at Group 768 Way 0.
Read byte from 0x0000EFFF:
	MISS, use Group 895 Way 0.
	Group 895 Way 0 Load M[0x0000EFFF].
Read byte from 0x0000F000:
	MISS, use Group 896 Way 0.
	Group 896 Way 0 Load M[0x0000F000].
Read byte from 0x00000FFF:
	MISS, use Group 127 Way 0.
	Group 127 Way 0 Load M[0x00000FFF].
Read byte from 0x00001000:
	MISS, use Group 128 Way 0.
	Group 128 Way 0 Load M[0x00001000].
